<?xml version="1.0" encoding="UTF-8"?>
<!-- Generated by org.testng.reporters.JUnitReportReporter -->
<testsuite hostname="DESKTOP-N1QDEH3" failures="0" tests="3" name="testcases.TC001" time="5.218" errors="0" timestamp="2022-05-14T23:21:13 BDT" skipped="0">
  <testcase classname="testcases.TC001" name="SignInClick" time="0.187"/>
  <system-out/>
  <testcase classname="testcases.TC001" name="SignIn" time="0.975"/>
  <system-out/>
  <testcase classname="testcases.TC001" name="clickSeeJobs" time="4.056"/>
  <system-out/>
</testsuite> <!-- testcases.TC001 -->
